-------------------------------------------------------------------------------
Test set: rockets.model.PayloadUnitTest
-------------------------------------------------------------------------------
Tests run: 8, Failures: 0, Errors: 8, Skipped: 0, Time elapsed: 0.001 s <<< FAILURE! - in rockets.model.PayloadUnitTest
shouldThrowDescriptionExceptionToNull  Time elapsed: 0 s  <<< ERROR!
java.lang.NullPointerException: The validated object is null
	at rockets.model.PayloadUnitTest.setUp(PayloadUnitTest.java:18)

shouldThrowExceptionToNull  Time elapsed: 0 s  <<< ERROR!
java.lang.NullPointerException: The validated object is null
	at rockets.model.PayloadUnitTest.setUp(PayloadUnitTest.java:18)

shouldThrowExceptionWhenSetLaunchSiteToEmpty{String}[1]  Time elapsed: 0 s  <<< ERROR!
java.lang.NullPointerException: The validated object is null
	at rockets.model.PayloadUnitTest.setUp(PayloadUnitTest.java:18)

shouldThrowExceptionWhenSetLaunchSiteToEmpty{String}[2]  Time elapsed: 0 s  <<< ERROR!
java.lang.NullPointerException: The validated object is null
	at rockets.model.PayloadUnitTest.setUp(PayloadUnitTest.java:18)

shouldThrowExceptionWhenSetLaunchSiteToEmpty{String}[3]  Time elapsed: 0 s  <<< ERROR!
java.lang.NullPointerException: The validated object is null
	at rockets.model.PayloadUnitTest.setUp(PayloadUnitTest.java:18)

shouldThrowExceptionWhenSetDescriptionoEmpty{String}[1]  Time elapsed: 0 s  <<< ERROR!
java.lang.NullPointerException: The validated object is null
	at rockets.model.PayloadUnitTest.setUp(PayloadUnitTest.java:18)

shouldThrowExceptionWhenSetDescriptionoEmpty{String}[2]  Time elapsed: 0.001 s  <<< ERROR!
java.lang.NullPointerException: The validated object is null
	at rockets.model.PayloadUnitTest.setUp(PayloadUnitTest.java:18)

shouldThrowExceptionWhenSetDescriptionoEmpty{String}[3]  Time elapsed: 0 s  <<< ERROR!
java.lang.NullPointerException: The validated object is null
	at rockets.model.PayloadUnitTest.setUp(PayloadUnitTest.java:18)

